[GIN-debug] [WARNING] Running in "debug" mode. Switch to "release" mode in production.
 - using env:	export GIN_MODE=release
 - using code:	gin.SetMode(gin.ReleaseMode)

[GIN-debug] GET    /css/*filepath            --> github.com/gin-gonic/gin.(*RouterGroup).createStaticHandler.func1 (4 handlers)
[GIN-debug] HEAD   /css/*filepath            --> github.com/gin-gonic/gin.(*RouterGroup).createStaticHandler.func1 (4 handlers)
[GIN-debug] Loaded HTML Templates (4): 
	- 
	- footer.html
	- header.html
	- index.html

[GIN-debug] POST   /login                    --> main.main.func1 (4 handlers)
[GIN-debug] GET    /api/videos               --> main.main.func2 (5 handlers)
[GIN-debug] POST   /api/videos               --> main.main.func3 (5 handlers)
[GIN-debug] PUT    /api/videos/:id           --> main.main.func4 (5 handlers)
[GIN-debug] DELETE /api/videos/:id           --> main.main.func5 (5 handlers)
[GIN-debug] GET    /view/videos              --> github.com/matiolsz/go-videos/controller.VideoController.ShowAll-fm (4 handlers)
[GIN-debug] [WARNING] You trusted all proxies, this is NOT safe. We recommend you to set a value.
Please check https://pkg.go.dev/github.com/gin-gonic/gin#readme-don-t-trust-all-proxies for details.
[GIN-debug] Listening and serving HTTP on :8080
::1 - [19 Dec 21 13:55 CET] POST /login 200 6.0006ms 
::1 - [19 Dec 21 13:56 CET] POST /api/videos 200 14.2312ms 
::1 - [19 Dec 21 13:56 CET] GET /view/videos 200 13.9415ms 
::1 - [19 Dec 21 13:56 CET] GET /css/index.css 404 7.1869ms 
::1 - [19 Dec 21 13:56 CET] GET /favicon.ico 404 7.6142ms 
::1 - [19 Dec 21 13:56 CET] POST /api/videos 200 13.0011ms 
::1 - [19 Dec 21 13:56 CET] GET /view/videos 200 10.8181ms 
::1 - [19 Dec 21 13:56 CET] GET /css/index.css 404 7.1975ms 
::1 - [19 Dec 21 13:56 CET] GET /view/videos 200 10.7187ms 
::1 - [19 Dec 21 13:56 CET] GET /css/index.css 404 6.5887ms 
::1 - [19 Dec 21 13:56 CET] GET /view/videos 200 13.3953ms 
::1 - [19 Dec 21 13:56 CET] GET /css/index.css 404 5.1404ms 
